TN:
SF:Models\ProductModel.js
FNF:0
FNH:0
DA:1,1
DA:2,1
DA:3,1
DA:4,1
DA:5,1
DA:6,1
DA:7,1
DA:8,1
DA:9,1
DA:10,1
DA:11,1
DA:12,1
DA:13,1
DA:14,1
DA:15,1
DA:16,1
DA:17,1
DA:18,1
DA:19,1
DA:20,1
DA:21,1
DA:22,1
LF:22
LH:22
BRF:0
BRH:0
end_of_record
TN:
SF:controllers\ProductController.js
FN:5,AddProduct
FN:42,getProduct
FN:53,updateProduct
FN:113,deleteProduct
FNF:4
FNH:4
FNDA:4,AddProduct
FNDA:2,getProduct
FNDA:5,updateProduct
FNDA:4,deleteProduct
DA:1,1
DA:2,1
DA:3,1
DA:4,1
DA:5,1
DA:6,4
DA:7,4
DA:8,3
DA:9,3
DA:10,4
DA:11,4
DA:12,1
DA:13,4
DA:14,1
DA:15,1
DA:16,1
DA:17,1
DA:18,1
DA:19,1
DA:20,1
DA:21,1
DA:22,1
DA:23,1
DA:24,1
DA:25,1
DA:26,1
DA:27,1
DA:28,1
DA:29,1
DA:30,1
DA:31,1
DA:32,1
DA:33,4
DA:34,2
DA:35,1
DA:36,1
DA:37,1
DA:38,1
DA:39,1
DA:40,4
DA:41,1
DA:42,1
DA:43,2
DA:44,2
DA:45,1
DA:46,1
DA:47,1
DA:48,1
DA:49,1
DA:50,1
DA:51,2
DA:52,1
DA:53,1
DA:54,5
DA:55,5
DA:56,5
DA:57,5
DA:58,1
DA:59,1
DA:60,4
DA:61,4
DA:62,3
DA:63,3
DA:64,5
DA:65,1
DA:66,1
DA:67,2
DA:68,2
DA:69,5
DA:70,0
DA:71,5
DA:72,0
DA:73,0
DA:74,0
DA:75,0
DA:76,0
DA:77,2
DA:78,0
DA:79,0
DA:80,0
DA:81,0
DA:82,0
DA:83,2
DA:84,2
DA:85,2
DA:86,2
DA:87,2
DA:88,2
DA:89,2
DA:90,2
DA:91,2
DA:92,2
DA:93,2
DA:94,2
DA:95,2
DA:96,2
DA:97,2
DA:98,2
DA:99,2
DA:100,1
DA:101,1
DA:102,1
DA:103,1
DA:104,1
DA:105,5
DA:106,2
DA:107,1
DA:108,1
DA:109,1
DA:110,1
DA:111,5
DA:112,1
DA:113,1
DA:114,4
DA:115,4
DA:116,4
DA:117,1
DA:118,1
DA:119,3
DA:120,4
DA:121,1
DA:122,1
DA:123,1
DA:124,1
DA:125,1
DA:126,1
DA:127,1
DA:128,1
DA:129,1
DA:130,1
DA:131,1
DA:132,1
DA:133,4
DA:134,1
DA:135,1
DA:136,1
LF:136
LH:125
BRDA:5,0,0,4
BRDA:7,1,0,3
BRDA:9,2,0,1
BRDA:10,3,0,1
BRDA:11,4,0,1
BRDA:13,5,0,1
BRDA:33,6,0,2
BRDA:34,7,0,1
BRDA:42,8,0,2
BRDA:44,9,0,1
BRDA:53,10,0,5
BRDA:57,11,0,1
BRDA:59,12,0,4
BRDA:61,13,0,3
BRDA:64,14,0,1
BRDA:66,15,0,2
BRDA:69,16,0,0
BRDA:69,17,0,0
BRDA:71,18,0,2
BRDA:71,19,0,0
BRDA:77,20,0,0
BRDA:77,21,0,0
BRDA:99,22,0,1
BRDA:105,23,0,2
BRDA:106,24,0,1
BRDA:113,25,0,4
BRDA:116,26,0,1
BRDA:118,27,0,3
BRDA:119,28,0,2
BRDA:120,29,0,1
BRF:30
BRH:25
end_of_record
TN:
SF:helper\Product.js
FNF:0
FNH:0
DA:1,1
DA:2,1
DA:3,1
DA:4,1
DA:5,1
DA:6,1
DA:7,1
DA:8,1
DA:9,1
DA:10,1
LF:10
LH:10
BRF:0
BRH:0
end_of_record
